
> satyam-kumar-portfolio@1.0.0 build
> next build

  ▲ Next.js 14.2.15

   Creating an optimized production build ...
Browserslist: caniuse-lite is outdated. Please run:
  npx update-browserslist-db@latest
  Why you should do it regularly: https://github.com/browserslist/update-db#readme
 ✓ Compiled successfully
   Linting and checking validity of types ...

Failed to compile.

./components/main/events.tsx
77:14  Error: Comments inside children section of tag should be placed inside braces  react/jsx-no-comment-textnodes

./components/main/projects.tsx
143:5  Warning: React Hook useCallback has an unnecessary dependency: 'snapMode'. Either exclude it or remove the dependency array.  react-hooks/exhaustive-deps
160:5  Warning: React Hook useCallback has a missing dependency: 'snap'. Either include it or remove the dependency array.  react-hooks/exhaustive-deps

./components/main/star-background.tsx
9:3  Error: Definition for rule '@typescript-eslint/no-explicit-any' was not found.  @typescript-eslint/no-explicit-any

./components/sub/hero-content.tsx
42:18  Error: `'` can be escaped with `&apos;`, `&lsquo;`, `&#39;`, `&rsquo;`.  react/no-unescaped-entities

info  - Need to disable some ESLint rules? Learn more here: https://nextjs.org/docs/basic-features/eslint#disabling-rules
