
> satyam-kumar-portfolio@1.0.0 build
> next build

  ▲ Next.js 14.2.15

   Creating an optimized production build ...
Browserslist: caniuse-lite is outdated. Please run:
  npx update-browserslist-db@latest
  Why you should do it regularly: https://github.com/browserslist/update-db#readme
 ✓ Compiled successfully
   Linting and checking validity of types ...
   Collecting page data ...
   Generating static pages (0/8) ...
   Generating static pages (2/8) 
   Generating static pages (4/8) 
   Generating static pages (6/8) 
 ✓ Generating static pages (8/8)
   Finalizing page optimization ...
   Collecting build traces ...

Route (app)                              Size     First Load JS
┌ ○ /                                    53.2 kB         155 kB
├ ○ /_not-found                          873 B          88.1 kB
├ ○ /apple-icon.png                      0 B                0 B
├ ○ /icon1.png                           0 B                0 B
└ ○ /icon2.png                           0 B                0 B
+ First Load JS shared by all            87.2 kB
  ├ chunks/117-ef25298ee4b7a82b.js       31.6 kB
  ├ chunks/fd9d1056-4f7f75a73c98a6d2.js  53.6 kB
  └ other shared chunks (total)          1.95 kB


○  (Static)  prerendered as static content

