
> satyam-kumar-portfolio@1.0.0 build
> next build

  Γû▓ Next.js 14.2.15

   Creating an optimized production build ...
node.exe : Browserslist: caniuse-lite is 
outdated. Please run:
At line:1 char:1
+ & "D:\Application\Node/node.exe" 
"C:\Users\hp\AppData\Roaming\npm/nod ...
+ ~~~~~~~~~~~~~~~~~~~~~~~~~~~~~~~~~~~~~~~~~~~~~~~
~~~~~~~~~~~~~~~~~~~~~~
    + CategoryInfo          : NotSpecified: (Bro 
   wserslist: c...ed. Please run::String) [], R  
  emoteException
    + FullyQualifiedErrorId : NativeCommandError
 
  npx update-browserslist-db@latest
  Why you should do it regularly: 
https://github.com/browserslist/update-db#readme
Browserslist: caniuse-lite is outdated. Please 
run:
  npx update-browserslist-db@latest
  Why you should do it regularly: 
https://github.com/browserslist/update-db#readme
 Γ£ô Compiled successfully
   Linting and checking validity of types ...
   Collecting page data ...
   Generating static pages (0/6) ...
   Generating static pages (1/6) 
   Generating static pages (2/6) 
   Generating static pages (4/6) 
 Γ£ô Generating static pages (6/6)
   Finalizing page optimization ...
   Collecting build traces ...

Route (app)                              Size     First Load JS
Γöî Γùï /                                    53.2 kB         155 kB
Γö£ Γùï /_not-found                          873 B          88.1 kB
Γöö Γùï /apple-icon.png                      0 B                0 B
+ First Load JS shared by all            87.2 kB
  Γö£ chunks/117-ef25298ee4b7a82b.js       31.6 kB
  Γö£ chunks/fd9d1056-4f7f75a73c98a6d2.js  53.6 kB
  Γöö other shared chunks (total)          1.95 kB


Γùï  (Static)  prerendered as static content

